<?xml version="1.0" encoding="UTF-8"?>
<!-- Generated by org.testng.reporters.JUnitReportReporter -->
<testsuite hostname="DESKTOP-0GPUFH0" failures="0" tests="1" name="runner.RunnerWeb" time="8.923" errors="0" timestamp="2024-09-17T17:58:49 IST" skipped="0">
  <testcase classname="runner.RunnerWeb" name="runScenario" time="8.923"/>
  <system-out/>
</testsuite> <!-- runner.RunnerWeb -->
