<?xml version="1.0" encoding="UTF-8"?>
<!-- Generated by org.testng.reporters.JUnitReportReporter -->
<testsuite hostname="DESKTOP-0GPUFH0" failures="0" tests="1" name="runner.RunnerWeb" time="11.651" errors="0" timestamp="2024-09-19T18:20:58 IST" skipped="0">
  <testcase classname="runner.RunnerWeb" name="runScenario" time="11.651"/>
  <system-out/>
</testsuite> <!-- runner.RunnerWeb -->
