<?xml version="1.0" encoding="UTF-8"?>
<!-- Generated by org.testng.reporters.JUnitReportReporter -->
<testsuite hostname="DESKTOP-0GPUFH0" failures="0" tests="1" name="runner.RunnerWeb" time="20.697" errors="0" timestamp="2024-09-26T13:29:28 IST" skipped="0">
  <testcase classname="runner.RunnerWeb" name="runScenario" time="20.697"/>
  <system-out/>
</testsuite> <!-- runner.RunnerWeb -->
